{"numTotalTestSuites":2,"numPassedTestSuites":2,"numFailedTestSuites":0,"numPendingTestSuites":0,"numTotalTests":16,"numPassedTests":16,"numFailedTests":0,"numPendingTests":0,"numTodoTests":0,"snapshot":{"added":0,"failure":false,"filesAdded":0,"filesRemoved":0,"filesRemovedList":[],"filesUnmatched":0,"filesUpdated":0,"matched":0,"total":0,"unchecked":0,"uncheckedKeysByFile":[],"unmatched":0,"updated":0,"didUpdate":false},"startTime":1790292373490,"success":true,"testResults":[{"assertionResults":[{"ancestorTitles":["parent production Web completion consumers"],"fullName":"parent production Web completion consumers real SettingsPage projects only current authority: session","status":"passed","title":"real SettingsPage projects only current authority: session","duration":67.90704099999994,"failureMessages":[],"meta":{},"tags":[],"benchmarks":[]},{"ancestorTitles":["parent production Web completion consumers"],"fullName":"parent production Web completion consumers real SettingsPage projects only current authority: account","status":"passed","title":"real SettingsPage projects only current authority: account","duration":38.54804200000035,"failureMessages":[],"meta":{},"tags":[],"benchmarks":[]},{"ancestorTitles":["parent production Web completion consumers"],"fullName":"parent production Web completion consumers real SettingsPage projects only current authority: user","status":"passed","title":"real SettingsPage projects only current authority: user","duration":54.70283299999983,"failureMessages":[],"meta":{},"tags":[],"benchmarks":[]},{"ancestorTitles":["parent production Web completion consumers"],"fullName":"parent production Web completion consumers real SettingsPage projects only current authority: accountRevision","status":"passed","title":"real SettingsPage projects only current authority: accountRevision","duration":42.89241600000014,"failureMessages":[],"meta":{},"tags":[],"benchmarks":[]},{"ancestorTitles":["parent production Web completion consumers"],"fullName":"parent production Web completion consumers real SettingsPage projects only current authority: userRevision","status":"passed","title":"real SettingsPage projects only current authority: userRevision","duration":46.45045900000014,"failureMessages":[],"meta":{},"tags":[],"benchmarks":[]},{"ancestorTitles":["parent production Web completion consumers"],"fullName":"parent production Web completion consumers real cancellation route preserves a newer flow for old/missing refs and clears only exact ref","status":"passed","title":"real cancellation route preserves a newer flow for old/missing refs and clears only exact ref","duration":15.997125000000324,"failureMessages":[],"meta":{},"tags":[],"benchmarks":[]},{"ancestorTitles":["parent production Web completion consumers"],"fullName":"parent production Web completion consumers password-first actual start -> JWT -> LoginPage -> GET: google","status":"passed","title":"password-first actual start -> JWT -> LoginPage -> GET: google","duration":39.95608399999992,"failureMessages":[],"meta":{},"tags":[],"benchmarks":[]},{"ancestorTitles":["parent production Web completion consumers"],"fullName":"parent production Web completion consumers password-first actual start -> JWT -> LoginPage -> GET: apple","status":"passed","title":"password-first actual start -> JWT -> LoginPage -> GET: apple","duration":28.50979200000029,"failureMessages":[],"meta":{},"tags":[],"benchmarks":[]},{"ancestorTitles":["parent production Web completion consumers"],"fullName":"parent production Web completion consumers real current completion retires round; delayed AccessDenied preserves awaiting-target then real continue succeeds: google/apple","status":"passed","title":"real current completion retires round; delayed AccessDenied preserves awaiting-target then real continue succeeds: google/apple","duration":34.967291999999816,"failureMessages":[],"meta":{},"tags":[],"benchmarks":[]},{"ancestorTitles":["parent production Web completion consumers"],"fullName":"parent production Web completion consumers real current completion retires round; delayed AccessDenied preserves awaiting-target then real continue succeeds: apple/google","status":"passed","title":"real current completion retires round; delayed AccessDenied preserves awaiting-target then real continue succeeds: apple/google","duration":40.10920799999985,"failureMessages":[],"meta":{},"tags":[],"benchmarks":[]},{"ancestorTitles":["parent production Web completion consumers"],"fullName":"parent production Web completion consumers recovery actual starts/JWT/GET/prepare: google/google current->duplicate","status":"passed","title":"recovery actual starts/JWT/GET/prepare: google/google current->duplicate","duration":56.11483399999997,"failureMessages":[],"meta":{},"tags":[],"benchmarks":[]},{"ancestorTitles":["parent production Web completion consumers"],"fullName":"parent production Web completion consumers recovery actual starts/JWT/GET/prepare: google/google duplicate->current","status":"passed","title":"recovery actual starts/JWT/GET/prepare: google/google duplicate->current","duration":60.71691699999974,"failureMessages":[],"meta":{},"tags":[],"benchmarks":[]},{"ancestorTitles":["parent production Web completion consumers"],"fullName":"parent production Web completion consumers recovery actual starts/JWT/GET/prepare: google/apple current->duplicate","status":"passed","title":"recovery actual starts/JWT/GET/prepare: google/apple current->duplicate","duration":209.02224999999999,"failureMessages":[],"meta":{},"tags":[],"benchmarks":[]},{"ancestorTitles":["parent production Web completion consumers"],"fullName":"parent production Web completion consumers recovery actual starts/JWT/GET/prepare: google/apple duplicate->current","status":"passed","title":"recovery actual starts/JWT/GET/prepare: google/apple duplicate->current","duration":173.57087500000034,"failureMessages":[],"meta":{},"tags":[],"benchmarks":[]},{"ancestorTitles":["parent production Web completion consumers"],"fullName":"parent production Web completion consumers recovery actual starts/JWT/GET/prepare: apple/google current->duplicate","status":"passed","title":"recovery actual starts/JWT/GET/prepare: apple/google current->duplicate","duration":242.1035409999995,"failureMessages":[],"meta":{},"tags":[],"benchmarks":[]},{"ancestorTitles":["parent production Web completion consumers"],"fullName":"parent production Web completion consumers recovery actual starts/JWT/GET/prepare: apple/google duplicate->current","status":"passed","title":"recovery actual starts/JWT/GET/prepare: apple/google duplicate->current","duration":212.0077080000001,"failureMessages":[],"meta":{},"tags":[],"benchmarks":[]}],"startTime":1790292376786,"endTime":1790292378151.0078,"status":"passed","message":"","name":"parent-web-completion-flow.test.ts"}]}